# JRE version: OpenJDK Runtime Environment (11.0+28) (build 11+28)
# Java VM: OpenJDK 64-Bit Server VM (11+28, mixed mode, tiered, compressed oops, g1 gc, windows-amd64)
Heap:
 garbage-first heap   total 262144K, used 134144K [0x00000000e0000000, 0x0000000100000000)
  region size 1024K, 7 young (7168K), 3 survivors (3072K)
 Metaspace       used 70597K, capacity 72787K, committed 72960K, reserved 319488K
  class space    used 8374K, capacity 9167K, committed 9216K, reserved 253952K
GC Heap History (10 events):
Event: 19339.964 GC heap before
{Heap before GC invocations=50 (full 0):
 garbage-first heap   total 262144K, used 217543K [0x00000000e0000000, 0x0000000100000000)
  region size 1024K, 105 young (107520K), 4 survivors (4096K)
 Metaspace       used 70440K, capacity 72588K, committed 72704K, reserved 317440K
  class space    used 8372K, capacity 9167K, committed 9216K, reserved 253952K
}
Event: 19339.967 GC heap after
{Heap after GC invocations=51 (full 0):
 garbage-first heap   total 262144K, used 112941K [0x00000000e0000000, 0x0000000100000000)
  region size 1024K, 2 young (2048K), 2 survivors (2048K)
 Metaspace       used 70440K, capacity 72588K, committed 72704K, reserved 317440K
  class space    used 8372K, capacity 9167K, committed 9216K, reserved 253952K
}
Event: 23771.292 GC heap before
{Heap before GC invocations=51 (full 0):
 garbage-first heap   total 262144K, used 219437K [0x00000000e0000000, 0x0000000100000000)
  region size 1024K, 106 young (108544K), 2 survivors (2048K)
 Metaspace       used 70447K, capacity 72588K, committed 72704K, reserved 317440K
  class space    used 8373K, capacity 9167K, committed 9216K, reserved 253952K
}
Event: 23771.295 GC heap after
{Heap after GC invocations=52 (full 0):
 garbage-first heap   total 262144K, used 112029K [0x00000000e0000000, 0x0000000100000000)
  region size 1024K, 1 young (1024K), 1 survivors (1024K)
 Metaspace       used 70447K, capacity 72588K, committed 72704K, reserved 317440K
  class space    used 8373K, capacity 9167K, committed 9216K, reserved 253952K
}
Event: 24125.914 GC heap before
{Heap before GC invocations=52 (full 0):
 garbage-first heap   total 262144K, used 220573K [0x00000000e0000000, 0x0000000100000000)
  region size 1024K, 108 young (110592K), 1 survivors (1024K)
 Metaspace       used 70482K, capacity 72656K, committed 72960K, reserved 319488K
  class space    used 8374K, capacity 9167K, committed 9216K, reserved 253952K
}
Event: 24125.947 GC heap after
{Heap after GC invocations=53 (full 0):
 garbage-first heap   total 262144K, used 126224K [0x00000000e0000000, 0x0000000100000000)
  region size 1024K, 14 young (14336K), 14 survivors (14336K)
 Metaspace       used 70482K, capacity 72656K, committed 72960K, reserved 319488K
  class space    used 8374K, capacity 9167K, committed 9216K, reserved 253952K
}
Event: 24145.636 GC heap before
{Heap before GC invocations=53 (full 0):
 garbage-first heap   total 262144K, used 213264K [0x00000000e0000000, 0x0000000100000000)
  region size 1024K, 99 young (101376K), 14 survivors (14336K)
 Metaspace       used 70506K, capacity 72721K, committed 72960K, reserved 319488K
  class space    used 8374K, capacity 9167K, committed 9216K, reserved 253952K
}
Event: 24145.678 GC heap after
{Heap after GC invocations=54 (full 0):
 garbage-first heap   total 262144K, used 133781K [0x00000000e0000000, 0x0000000100000000)
  region size 1024K, 10 young (10240K), 10 survivors (10240K)
 Metaspace       used 70506K, capacity 72721K, committed 72960K, reserved 319488K
  class space    used 8374K, capacity 9167K, committed 9216K, reserved 253952K
}
Event: 24356.027 GC heap before
{Heap before GC invocations=54 (full 0):
 garbage-first heap   total 262144K, used 211605K [0x00000000e0000000, 0x0000000100000000)
  region size 1024K, 87 young (89088K), 10 survivors (10240K)
 Metaspace       used 70577K, capacity 72787K, committed 72960K, reserved 319488K
  class space    used 8374K, capacity 9167K, committed 9216K, reserved 253952K
}
Event: 24356.655 GC heap after
{Heap after GC invocations=55 (full 0):
 garbage-first heap   total 262144K, used 131072K [0x00000000e0000000, 0x0000000100000000)
  region size 1024K, 3 young (3072K), 3 survivors (3072K)
 Metaspace       used 70577K, capacity 72787K, committed 72960K, reserved 319488K
  class space    used 8374K, capacity 9167K, committed 9216K, reserved 253952K
}

